2022-08-29 20:14:05,177 [INFO] Reflections took 20 ms to scan 1 urls, producing 3 keys and 6 values 
2022-08-29 20:14:05,197 [INFO] Reflections took 10 ms to scan 1 urls, producing 4 keys and 9 values 
2022-08-29 20:14:05,207 [INFO] Reflections took 10 ms to scan 1 urls, producing 3 keys and 10 values 
2022-08-29 20:14:05,307 [INFO] Reflections took 100 ms to scan 170 urls, producing 0 keys and 0 values 
2022-08-29 20:14:05,307 [INFO] Reflections took 0 ms to scan 1 urls, producing 1 keys and 5 values 
2022-08-29 20:14:05,325 [INFO] Reflections took 8 ms to scan 1 urls, producing 1 keys and 7 values 
2022-08-29 20:14:05,327 [INFO] Reflections took 0 ms to scan 1 urls, producing 2 keys and 8 values 
2022-08-29 20:14:05,407 [INFO] Reflections took 80 ms to scan 170 urls, producing 0 keys and 0 values 
2022-08-29 20:14:06,369 [WARN] Ignore the empty nacos configuration and get it based on dataId[userservice] & group[DEFAULT_GROUP]
2022-08-29 20:14:06,379 [WARN] Ignore the empty nacos configuration and get it based on dataId[userservice.yaml] & group[DEFAULT_GROUP]
2022-08-29 20:14:06,399 [INFO] Located property source: [BootstrapPropertySource {name='bootstrapProperties-userservice-dev.yaml,DEFAULT_GROUP'}, BootstrapPropertySource {name='bootstrapProperties-userservice.yaml,DEFAULT_GROUP'}, BootstrapPropertySource {name='bootstrapProperties-userservice,DEFAULT_GROUP'}]
2022-08-29 20:14:06,944 [INFO] Multiple Spring Data modules found, entering strict repository configuration mode!
2022-08-29 20:14:06,946 [INFO] Bootstrapping Spring Data Redis repositories in DEFAULT mode.
2022-08-29 20:14:06,964 [INFO] Finished Spring Data repository scanning in 5ms. Found 0 Redis repository interfaces.
2022-08-29 20:14:07,125 [INFO] BeanFactory id=93316533-66a3-3cbc-bc21-5374dfe0986c
2022-08-29 20:14:07,370 [INFO] Tomcat initialized with port(s): 8080 (http)
2022-08-29 20:14:07,372 [INFO] Starting service [Tomcat]
2022-08-29 20:14:07,372 [INFO] Starting Servlet engine: [Apache Tomcat/9.0.46]
2022-08-29 20:14:07,442 [INFO] Initializing Spring embedded WebApplicationContext
2022-08-29 20:14:07,442 [INFO] Root WebApplicationContext: initialization completed in 1033 ms
2022-08-29 20:14:08,510 [INFO] Mapped URL path [/v2/api-docs] onto method [springfox.documentation.swagger2.web.Swagger2Controller#getDocumentation(String, HttpServletRequest)]
2022-08-29 20:14:08,520 [WARN] No URLs will be polled as dynamic configuration sources.
2022-08-29 20:14:08,520 [INFO] To enable URLs as dynamic configuration sources, define System property archaius.configurationSource.additionalUrls or make config.properties available on classpath.
2022-08-29 20:14:08,520 [WARN] No URLs will be polled as dynamic configuration sources.
2022-08-29 20:14:08,520 [INFO] To enable URLs as dynamic configuration sources, define System property archaius.configurationSource.additionalUrls or make config.properties available on classpath.
2022-08-29 20:14:08,590 [INFO] Initializing ExecutorService 'applicationTaskExecutor'
2022-08-29 20:14:08,820 [INFO] Initializing ExecutorService 'Nacos-Watch-Task-Scheduler'
2022-08-29 20:14:09,578 [INFO] Tomcat started on port(s): 8080 (http) with context path ''
2022-08-29 20:14:09,668 [INFO] nacos registry, DEFAULT_GROUP userservice 192.168.1.115:8080 register finished
2022-08-29 20:14:09,828 [INFO] Context refreshed
2022-08-29 20:14:09,838 [INFO] Found 1 custom documentation plugin(s)
2022-08-29 20:14:09,858 [INFO] Scanning for api listing references
2022-08-29 20:15:02,736 [INFO] Initializing Spring DispatcherServlet 'dispatcherServlet'
2022-08-29 20:15:02,737 [INFO] Initializing Servlet 'dispatcherServlet'
2022-08-29 20:15:02,743 [INFO] Completed initialization in 6 ms
2022-08-29 20:15:18,302 [INFO] HikariPool-1 - Starting...
2022-08-29 20:15:23,063 [INFO] HikariPool-1 - Start completed.
2022-08-29 20:17:59,990 [WARN] [NotifyCenter] Start destroying Publisher
2022-08-29 20:17:59,990 [WARN] [HttpClientBeanHolder] Start destroying common HttpClient
2022-08-29 20:17:59,990 [WARN] [NotifyCenter] Destruction of the end
2022-08-29 20:17:59,990 [WARN] [HttpClientBeanHolder] Destruction of the end
2022-08-29 20:18:00,131 [INFO] Shutting down ExecutorService 'Nacos-Watch-Task-Scheduler'
2022-08-29 20:18:00,141 [INFO] De-registering from Nacos Server now...
2022-08-29 20:18:00,151 [INFO] De-registration finished.
2022-08-29 20:18:00,481 [INFO] Shutting down ExecutorService 'applicationTaskExecutor'
2022-08-29 20:18:00,491 [INFO] HikariPool-1 - Shutdown initiated...
2022-08-29 20:18:00,491 [INFO] HikariPool-1 - Shutdown completed.
2022-08-29 20:18:04,859 [INFO] Reflections took 20 ms to scan 1 urls, producing 3 keys and 6 values 
2022-08-29 20:18:04,889 [INFO] Reflections took 20 ms to scan 1 urls, producing 4 keys and 9 values 
2022-08-29 20:18:04,900 [INFO] Reflections took 11 ms to scan 1 urls, producing 3 keys and 10 values 
2022-08-29 20:18:04,989 [INFO] Reflections took 89 ms to scan 170 urls, producing 0 keys and 0 values 
2022-08-29 20:18:04,999 [INFO] Reflections took 10 ms to scan 1 urls, producing 1 keys and 5 values 
2022-08-29 20:18:05,009 [INFO] Reflections took 10 ms to scan 1 urls, producing 1 keys and 7 values 
2022-08-29 20:18:05,019 [INFO] Reflections took 10 ms to scan 1 urls, producing 2 keys and 8 values 
2022-08-29 20:18:05,089 [INFO] Reflections took 70 ms to scan 170 urls, producing 0 keys and 0 values 
2022-08-29 20:18:06,009 [WARN] Ignore the empty nacos configuration and get it based on dataId[userservice] & group[DEFAULT_GROUP]
2022-08-29 20:18:06,039 [WARN] Ignore the empty nacos configuration and get it based on dataId[userservice.yaml] & group[DEFAULT_GROUP]
2022-08-29 20:18:06,089 [INFO] Located property source: [BootstrapPropertySource {name='bootstrapProperties-userservice-dev.yaml,DEFAULT_GROUP'}, BootstrapPropertySource {name='bootstrapProperties-userservice.yaml,DEFAULT_GROUP'}, BootstrapPropertySource {name='bootstrapProperties-userservice,DEFAULT_GROUP'}]
2022-08-29 20:18:06,539 [INFO] Multiple Spring Data modules found, entering strict repository configuration mode!
2022-08-29 20:18:06,539 [INFO] Bootstrapping Spring Data Redis repositories in DEFAULT mode.
2022-08-29 20:18:06,549 [INFO] Finished Spring Data repository scanning in 4ms. Found 0 Redis repository interfaces.
2022-08-29 20:18:06,679 [INFO] BeanFactory id=93316533-66a3-3cbc-bc21-5374dfe0986c
2022-08-29 20:18:06,869 [INFO] Tomcat initialized with port(s): 8080 (http)
2022-08-29 20:18:06,869 [INFO] Starting service [Tomcat]
2022-08-29 20:18:06,869 [INFO] Starting Servlet engine: [Apache Tomcat/9.0.46]
2022-08-29 20:18:06,939 [INFO] Initializing Spring embedded WebApplicationContext
2022-08-29 20:18:06,939 [INFO] Root WebApplicationContext: initialization completed in 840 ms
2022-08-29 20:18:07,890 [INFO] Mapped URL path [/v2/api-docs] onto method [springfox.documentation.swagger2.web.Swagger2Controller#getDocumentation(String, HttpServletRequest)]
2022-08-29 20:18:07,900 [WARN] No URLs will be polled as dynamic configuration sources.
2022-08-29 20:18:07,900 [INFO] To enable URLs as dynamic configuration sources, define System property archaius.configurationSource.additionalUrls or make config.properties available on classpath.
2022-08-29 20:18:07,900 [WARN] No URLs will be polled as dynamic configuration sources.
2022-08-29 20:18:07,900 [INFO] To enable URLs as dynamic configuration sources, define System property archaius.configurationSource.additionalUrls or make config.properties available on classpath.
2022-08-29 20:18:07,960 [INFO] Initializing ExecutorService 'applicationTaskExecutor'
2022-08-29 20:18:08,190 [INFO] Initializing ExecutorService 'Nacos-Watch-Task-Scheduler'
2022-08-29 20:18:08,912 [INFO] Tomcat started on port(s): 8080 (http) with context path ''
2022-08-29 20:18:08,932 [INFO] nacos registry, DEFAULT_GROUP userservice 192.168.1.115:8080 register finished
2022-08-29 20:18:09,083 [INFO] Context refreshed
2022-08-29 20:18:09,093 [INFO] Found 1 custom documentation plugin(s)
2022-08-29 20:18:09,203 [INFO] Scanning for api listing references
2022-08-29 20:18:17,281 [INFO] Initializing Spring DispatcherServlet 'dispatcherServlet'
2022-08-29 20:18:17,291 [INFO] Initializing Servlet 'dispatcherServlet'
2022-08-29 20:18:17,291 [INFO] Completed initialization in 0 ms
2022-08-29 20:18:26,542 [INFO] HikariPool-1 - Starting...
2022-08-29 20:18:34,378 [INFO] HikariPool-1 - Start completed.
2022-08-29 20:18:57,379 [WARN] [HttpClientBeanHolder] Start destroying common HttpClient
2022-08-29 20:18:57,379 [WARN] [NotifyCenter] Start destroying Publisher
2022-08-29 20:18:57,379 [WARN] [NotifyCenter] Destruction of the end
2022-08-29 20:18:57,379 [WARN] [HttpClientBeanHolder] Destruction of the end
2022-08-29 20:18:57,514 [INFO] Shutting down ExecutorService 'Nacos-Watch-Task-Scheduler'
2022-08-29 20:18:57,524 [INFO] De-registering from Nacos Server now...
2022-08-29 20:18:57,534 [INFO] De-registration finished.
2022-08-29 20:18:57,844 [INFO] Shutting down ExecutorService 'applicationTaskExecutor'
2022-08-29 20:18:57,844 [INFO] HikariPool-1 - Shutdown initiated...
2022-08-29 20:18:57,854 [INFO] HikariPool-1 - Shutdown completed.
