2022-08-29 23:17:06,525 [INFO] Reflections took 20 ms to scan 1 urls, producing 3 keys and 6 values 
2022-08-29 23:17:06,545 [INFO] Reflections took 10 ms to scan 1 urls, producing 4 keys and 9 values 
2022-08-29 23:17:06,555 [INFO] Reflections took 10 ms to scan 1 urls, producing 3 keys and 10 values 
2022-08-29 23:17:06,645 [INFO] Reflections took 90 ms to scan 169 urls, producing 0 keys and 0 values 
2022-08-29 23:17:06,655 [INFO] Reflections took 10 ms to scan 1 urls, producing 1 keys and 5 values 
2022-08-29 23:17:06,665 [INFO] Reflections took 10 ms to scan 1 urls, producing 1 keys and 7 values 
2022-08-29 23:17:06,665 [INFO] Reflections took 0 ms to scan 1 urls, producing 2 keys and 8 values 
2022-08-29 23:17:06,745 [INFO] Reflections took 70 ms to scan 169 urls, producing 0 keys and 0 values 
2022-08-29 23:17:07,565 [WARN] Ignore the empty nacos configuration and get it based on dataId[recordservice] & group[DEFAULT_GROUP]
2022-08-29 23:17:07,575 [WARN] Ignore the empty nacos configuration and get it based on dataId[recordservice.yaml] & group[DEFAULT_GROUP]
2022-08-29 23:17:07,586 [INFO] Located property source: [BootstrapPropertySource {name='bootstrapProperties-recordservice-dev.yaml,DEFAULT_GROUP'}, BootstrapPropertySource {name='bootstrapProperties-recordservice.yaml,DEFAULT_GROUP'}, BootstrapPropertySource {name='bootstrapProperties-recordservice,DEFAULT_GROUP'}]
2022-08-29 23:17:07,996 [INFO] Multiple Spring Data modules found, entering strict repository configuration mode!
2022-08-29 23:17:07,996 [INFO] Bootstrapping Spring Data Redis repositories in DEFAULT mode.
2022-08-29 23:17:08,006 [INFO] Finished Spring Data repository scanning in 3ms. Found 0 Redis repository interfaces.
2022-08-29 23:17:08,066 [WARN] No MyBatis mapper was found in '[com.record]' package. Please check your configuration.
2022-08-29 23:17:08,106 [INFO] BeanFactory id=a92a652e-a7db-3184-bb69-06942b7cccc7
2022-08-29 23:17:08,266 [INFO] Tomcat initialized with port(s): 8086 (http)
2022-08-29 23:17:08,266 [INFO] Starting service [Tomcat]
2022-08-29 23:17:08,266 [INFO] Starting Servlet engine: [Apache Tomcat/9.0.46]
2022-08-29 23:17:08,326 [INFO] Initializing Spring embedded WebApplicationContext
2022-08-29 23:17:08,326 [INFO] Root WebApplicationContext: initialization completed in 730 ms
2022-08-29 23:17:08,676 [INFO] Mapped URL path [/v2/api-docs] onto method [springfox.documentation.swagger2.web.Swagger2Controller#getDocumentation(String, HttpServletRequest)]
2022-08-29 23:17:08,676 [WARN] No URLs will be polled as dynamic configuration sources.
2022-08-29 23:17:08,676 [INFO] To enable URLs as dynamic configuration sources, define System property archaius.configurationSource.additionalUrls or make config.properties available on classpath.
2022-08-29 23:17:08,686 [WARN] No URLs will be polled as dynamic configuration sources.
2022-08-29 23:17:08,686 [INFO] To enable URLs as dynamic configuration sources, define System property archaius.configurationSource.additionalUrls or make config.properties available on classpath.
2022-08-29 23:17:08,746 [INFO] Initializing ExecutorService 'applicationTaskExecutor'
2022-08-29 23:17:08,976 [INFO] Initializing ExecutorService 'Nacos-Watch-Task-Scheduler'
2022-08-29 23:17:10,097 [INFO] Tomcat started on port(s): 8086 (http) with context path ''
2022-08-29 23:17:10,107 [INFO] nacos registry, DEFAULT_GROUP recordservice 192.168.1.115:8086 register finished
2022-08-29 23:17:10,267 [INFO] Context refreshed
2022-08-29 23:17:10,267 [INFO] Found 1 custom documentation plugin(s)
2022-08-29 23:17:10,287 [INFO] Scanning for api listing references
