2022-08-29 23:29:18,809 [INFO] Reflections took 20 ms to scan 1 urls, producing 3 keys and 6 values 
2022-08-29 23:29:18,829 [INFO] Reflections took 10 ms to scan 1 urls, producing 4 keys and 9 values 
2022-08-29 23:29:18,839 [INFO] Reflections took 10 ms to scan 1 urls, producing 3 keys and 10 values 
2022-08-29 23:29:18,929 [INFO] Reflections took 90 ms to scan 169 urls, producing 0 keys and 0 values 
2022-08-29 23:29:18,929 [INFO] Reflections took 0 ms to scan 1 urls, producing 1 keys and 5 values 
2022-08-29 23:29:18,939 [INFO] Reflections took 10 ms to scan 1 urls, producing 1 keys and 7 values 
2022-08-29 23:29:18,949 [INFO] Reflections took 10 ms to scan 1 urls, producing 2 keys and 8 values 
2022-08-29 23:29:19,029 [INFO] Reflections took 80 ms to scan 169 urls, producing 0 keys and 0 values 
2022-08-29 23:29:19,889 [WARN] Ignore the empty nacos configuration and get it based on dataId[exchangeservice] & group[DEFAULT_GROUP]
2022-08-29 23:29:19,899 [WARN] Ignore the empty nacos configuration and get it based on dataId[exchangeservice.yaml] & group[DEFAULT_GROUP]
2022-08-29 23:29:19,919 [INFO] Located property source: [BootstrapPropertySource {name='bootstrapProperties-exchangeservice-dev.yaml,DEFAULT_GROUP'}, BootstrapPropertySource {name='bootstrapProperties-exchangeservice.yaml,DEFAULT_GROUP'}, BootstrapPropertySource {name='bootstrapProperties-exchangeservice,DEFAULT_GROUP'}]
2022-08-29 23:29:19,919 [INFO] The following profiles are active: dev
2022-08-29 23:29:20,320 [INFO] Multiple Spring Data modules found, entering strict repository configuration mode!
2022-08-29 23:29:20,320 [INFO] Bootstrapping Spring Data Redis repositories in DEFAULT mode.
2022-08-29 23:29:20,340 [INFO] Finished Spring Data repository scanning in 3ms. Found 0 Redis repository interfaces.
2022-08-29 23:29:20,400 [WARN] No MyBatis mapper was found in '[com.exchange]' package. Please check your configuration.
2022-08-29 23:29:20,440 [INFO] BeanFactory id=47f54756-c320-33a9-aa00-c7d77f0a9cc5
2022-08-29 23:29:20,600 [INFO] Tomcat initialized with port(s): 8087 (http)
2022-08-29 23:29:20,610 [INFO] Starting service [Tomcat]
2022-08-29 23:29:20,610 [INFO] Starting Servlet engine: [Apache Tomcat/9.0.46]
2022-08-29 23:29:20,670 [INFO] Initializing Spring embedded WebApplicationContext
2022-08-29 23:29:20,670 [INFO] Root WebApplicationContext: initialization completed in 741 ms
2022-08-29 23:29:21,020 [INFO] Mapped URL path [/v2/api-docs] onto method [springfox.documentation.swagger2.web.Swagger2Controller#getDocumentation(String, HttpServletRequest)]
2022-08-29 23:29:21,020 [WARN] No URLs will be polled as dynamic configuration sources.
2022-08-29 23:29:21,020 [INFO] To enable URLs as dynamic configuration sources, define System property archaius.configurationSource.additionalUrls or make config.properties available on classpath.
2022-08-29 23:29:21,020 [WARN] No URLs will be polled as dynamic configuration sources.
2022-08-29 23:29:21,030 [INFO] To enable URLs as dynamic configuration sources, define System property archaius.configurationSource.additionalUrls or make config.properties available on classpath.
2022-08-29 23:29:21,070 [INFO] Initializing ExecutorService 'applicationTaskExecutor'
2022-08-29 23:29:21,290 [INFO] Initializing ExecutorService 'Nacos-Watch-Task-Scheduler'
2022-08-29 23:29:22,400 [INFO] Tomcat started on port(s): 8087 (http) with context path ''
2022-08-29 23:29:22,410 [INFO] nacos registry, DEFAULT_GROUP exchangeservice 192.168.1.115:8087 register finished
2022-08-29 23:29:22,570 [INFO] Context refreshed
2022-08-29 23:29:22,580 [INFO] Found 1 custom documentation plugin(s)
2022-08-29 23:29:22,590 [INFO] Scanning for api listing references
2022-08-29 23:29:22,660 [INFO] Started ExchangeApplication in 4.716 seconds (JVM running for 5.33)
